<?xml version="1.0" encoding="UTF-8"?>
<!-- Generated by org.testng.reporters.JUnitReportReporter -->
<testsuite skipped="0" hostname="pjeevana" name="com.training.sanity.tests.HomeTest" tests="1" failures="0" timestamp="24 Dec 2018 11:35:43 GMT" time="23.519" errors="0">
  <testcase name="newAdvt" time="23.519" classname="com.training.sanity.tests.HomeTest"/>
</testsuite> <!-- com.training.sanity.tests.HomeTest -->
