<?xml version="1.0" encoding="UTF-8"?>
<!-- Generated by org.testng.reporters.JUnitReportReporter -->
<testsuite skipped="0" hostname="pjeevana" name="com.training.sanity.tests.MbrLoginTests" tests="1" failures="0" timestamp="02 Jan 2019 09:27:02 GMT" time="31.747" errors="0">
  <testcase name="ChangingAlertSettings" time="31.747" classname="com.training.sanity.tests.MbrLoginTests"/>
</testsuite> <!-- com.training.sanity.tests.MbrLoginTests -->
