<?xml version="1.0" encoding="UTF-8"?>
<!-- Generated by org.testng.reporters.JUnitReportReporter -->
<testsuite skipped="0" hostname="pjeevana" name="com.training.sanity.tests.TC004" tests="1" failures="0" timestamp="24 Dec 2018 11:40:28 GMT" time="22.840" errors="0">
  <testcase name="newAdvt" time="22.840" classname="com.training.sanity.tests.TC004"/>
</testsuite> <!-- com.training.sanity.tests.TC004 -->
