<?xml version="1.0" encoding="UTF-8"?>
<!-- Generated by org.testng.reporters.JUnitReportReporter -->
<testsuite skipped="0" hostname="pjeevana" name="com.training.sanity.tests.wk2_CYTC_041" tests="1" failures="0" timestamp="03 Jan 2019 05:01:36 GMT" time="61.015" errors="0">
  <testcase name="mbrLoanGrantRepay" time="61.015" classname="com.training.sanity.tests.wk2_CYTC_041"/>
</testsuite> <!-- com.training.sanity.tests.wk2_CYTC_041 -->
