<?xml version="1.0" encoding="UTF-8"?>
<!-- Generated by org.testng.reporters.JUnitReportReporter -->
<testsuite skipped="0" hostname="pjeevana" name="com.training.sanity.tests.TC003" tests="1" failures="0" timestamp="24 Dec 2018 11:40:28 GMT" time="19.086" errors="0">
  <testcase name="mbrLogin" time="19.086" classname="com.training.sanity.tests.TC003"/>
</testsuite> <!-- com.training.sanity.tests.TC003 -->
