<?xml version="1.0" encoding="UTF-8"?>
<!-- Generated by org.testng.reporters.JUnitReportReporter -->
<testsuite skipped="0" hostname="pjeevana" name="com.training.regression.tests.TC005" tests="1" failures="0" timestamp="24 Dec 2018 07:10:19 GMT" time="17.211" errors="0">
  <testcase name="removeAdvt" time="17.211" classname="com.training.regression.tests.TC005"/>
</testsuite> <!-- com.training.regression.tests.TC005 -->
