<?xml version="1.0" encoding="UTF-8"?>
<!-- Generated by org.testng.reporters.JUnitReportReporter -->
<testsuite skipped="0" hostname="pjeevana" name="com.training.sanity.tests.wk2_CYTC_044" tests="1" failures="0" timestamp="03 Jan 2019 05:11:05 GMT" time="52.021" errors="0">
  <testcase name="AcccountInfoView" time="52.021" classname="com.training.sanity.tests.wk2_CYTC_044"/>
</testsuite> <!-- com.training.sanity.tests.wk2_CYTC_044 -->
